#
# A fatal error has been detected by the Java Runtime Environment:
#
#  Internal Error (javaClasses.cpp:136), pid=11712, tid=10368
#  fatal error: Invalid layout of preloaded class
#
# JRE version:  (7.0_67-b01) (build )
# Java VM: Java HotSpot(TM) 64-Bit Server VM (24.65-b04 mixed mode windows-amd64 compressed oops)
# Failed to write core dump. Minidumps are not enabled by default on client versions of Windows
#
# If you would like to submit a bug report, please visit:
#   http://bugreport.sun.com/bugreport/crash.jsp
#

---------------  T H R E A D  ---------------

Current thread (0x0000000001cce000):  JavaThread "Unknown thread" [_thread_in_vm, id=10368, stack(0x0000000002500000,0x0000000002600000)]

Stack: [0x0000000002500000,0x0000000002600000]
[error occurred during error reporting (printing stack bounds), id 0xc0000005]


---------------  P R O C E S S  ---------------

Java Threads: ( => current thread )

Other Threads:

=>0x0000000001cce000 (exited) JavaThread "Unknown thread" [_thread_in_vm, id=10368, stack(0x0000000002500000,0x0000000002600000)]

VM state:not at safepoint (not fully initialized)

VM Mutex/Monitor currently owned by a thread: None

GC Heap History (0 events):
No events

Deoptimization events (0 events):
No events

Internal exceptions (0 events):
No events

Events (10 events):
Event: 0.040 loading class 0x000000000223d3b0 done
Event: 0.041 loading class 0x000000000223cdd0 done
Event: 0.041 loading class 0x000000000223cdb0
Event: 0.041 loading class 0x0000000002244f00
Event: 0.055 loading class 0x0000000002244f00 done
Event: 0.055 loading class 0x0000000002244f30
Event: 0.055 loading class 0x0000000002244f30 done
Event: 0.055 loading class 0x0000000002244f60
Event: 0.056 loading class 0x0000000002244f60 done
Event: 0.056 loading class 0x000000000223cdb0 done


Dynamic libraries:
0x000000013fb40000 - 0x000000013fb73000 	C:\Program Files\Java\jre7\bin\javaw.exe
0x0000000076e70000 - 0x0000000077019000 	C:\Windows\SYSTEM32\ntdll.dll
0x0000000076c50000 - 0x0000000076d6f000 	C:\Windows\system32\kernel32.dll
0x000007fefce80000 - 0x000007fefceec000 	C:\Windows\system32\KERNELBASE.dll
0x000007fefee80000 - 0x000007fefef5b000 	C:\Windows\system32\ADVAPI32.dll
0x000007feff0d0000 - 0x000007feff16f000 	C:\Windows\system32\msvcrt.dll
0x000007fefee60000 - 0x000007fefee7f000 	C:\Windows\SYSTEM32\sechost.dll
0x000007fefdb50000 - 0x000007fefdc7d000 	C:\Windows\system32\RPCRT4.dll
0x0000000076d70000 - 0x0000000076e6a000 	C:\Windows\system32\USER32.dll
0x000007fefeaf0000 - 0x000007fefeb57000 	C:\Windows\system32\GDI32.dll
0x000007feff170000 - 0x000007feff17e000 	C:\Windows\system32\LPK.dll
0x000007fefeb60000 - 0x000007fefec29000 	C:\Windows\system32\USP10.dll
0x000007fefbcd0000 - 0x000007fefbec4000 	C:\Windows\WinSxS\amd64_microsoft.windows.common-controls_6595b64144ccf1df_6.0.7601.17514_none_fa396087175ac9ac\COMCTL32.dll
0x000007feff050000 - 0x000007feff0c1000 	C:\Windows\system32\SHLWAPI.dll
0x000007fefd1a0000 - 0x000007fefd1ce000 	C:\Windows\system32\IMM32.DLL
0x000007fefd780000 - 0x000007fefd889000 	C:\Windows\system32\MSCTF.dll
0x0000000060530000 - 0x0000000060602000 	C:\Program Files\Java\jre7\bin\msvcr100.dll
0x000000005bba0000 - 0x000000005c372000 	C:\Program Files\Java\jre7\bin\server\jvm.dll
0x000007fefa390000 - 0x000007fefa399000 	C:\Windows\system32\WSOCK32.dll
0x000007feff000000 - 0x000007feff04d000 	C:\Windows\system32\WS2_32.dll
0x000007fefd890000 - 0x000007fefd898000 	C:\Windows\system32\NSI.dll
0x000007fefa780000 - 0x000007fefa7bb000 	C:\Windows\system32\WINMM.dll
0x0000000077040000 - 0x0000000077047000 	C:\Windows\system32\PSAPI.DLL
0x0000000066370000 - 0x000000006637f000 	C:\Program Files\Java\jre7\bin\verify.dll
0x0000000062a90000 - 0x0000000062ab8000 	C:\Program Files\Java\jre7\bin\java.dll
0x0000000062ad0000 - 0x0000000062ae5000 	C:\Program Files\Java\jre7\bin\zip.dll

VM Arguments:
jvm_args: -Dfile.encoding=Cp1252 -Xbootclasspath:C:\Users\Shady\Downloads\adt-bundle-windows-x86_64-20140702\adt-bundle-windows-x86_64-20140702\sdk\platforms\android-19\android.jar 
java_command: com.dazli.JSON
Launcher Type: SUN_STANDARD

Environment Variables:
PATH=C:\oraclexe\app\oracle\product\11.2.0\server\bin;;C:\Program Files\Common Files\Microsoft Shared\Windows Live;C:\Program Files (x86)\Common Files\Microsoft Shared\Windows Live;C:\Program Files (x86)\Intel\iCLS Client\;C:\Program Files\Intel\iCLS Client\;C:\Program Files\Broadcom\Broadcom 802.11 Network Adapter\Driver;;C:\Windows\system32;C:\Windows;C:\Windows\System32\Wbem;C:\Windows\System32\WindowsPowerShell\v1.0\;C:\Program Files (x86)\Intel\OpenCL SDK\2.0\bin\x86;C:\Program Files (x86)\Intel\OpenCL SDK\2.0\bin\x64;C:\Program Files\Lenovo\Bluetooth Software\;C:\Program Files\Lenovo\Bluetooth Software\syswow64;;C:\Program Files\Intel\Intel(R) Management Engine Components\DAL;C:\Program Files\Intel\Intel(R) Management Engine Components\IPT;C:\Program Files (x86)\Intel\Intel(R) Management Engine Components\DAL;C:\Program Files (x86)\Intel\Intel(R) Management Engine Components\IPT;C:\Program Files (x86)\Windows Live\Shared
USERNAME=Shady
OS=Windows_NT
PROCESSOR_IDENTIFIER=Intel64 Family 6 Model 42 Stepping 7, GenuineIntel



---------------  S Y S T E M  ---------------

OS: Windows 7 , 64 bit Build 7601 Service Pack 1

CPU:total 4 (2 cores per cpu, 2 threads per core) family 6 model 42 stepping 7, cmov, cx8, fxsr, mmx, sse, sse2, sse3, ssse3, sse4.1, sse4.2, popcnt, avx, ht, tsc, tscinvbit

Memory: 4k page, physical 4050244k(1210116k free), swap 8098624k(2776656k free)

vm_info: Java HotSpot(TM) 64-Bit Server VM (24.65-b04) for windows-amd64 JRE (1.7.0_67-b01), built on Jul 25 2014 08:55:00 by "java_re" with unknown MS VC++:1600

time: Tue Sep 23 17:54:00 2014
elapsed time: 0 seconds

